[debug] [2021-03-05T16:49:14.333Z] ----------------------------------------------------------------------
[debug] [2021-03-05T16:49:14.335Z] Command:       C:\Program Files\nodejs\node.exe C:\Users\Amel\AppData\Roaming\npm\node_modules\firebase-tools\lib\bin\firebase.js init
[debug] [2021-03-05T16:49:14.336Z] CLI Version:   9.5.0
[debug] [2021-03-05T16:49:14.336Z] Platform:      win32
[debug] [2021-03-05T16:49:14.336Z] Node Version:  v14.5.0
[debug] [2021-03-05T16:49:14.337Z] Time:          Fri Mar 05 2021 17:49:14 GMT+0100 (Central European Standard Time)
[debug] [2021-03-05T16:49:14.337Z] ----------------------------------------------------------------------
[debug] [2021-03-05T16:49:14.337Z] 
[debug] [2021-03-05T16:49:14.344Z] > command requires scopes: ["email","openid","https://www.googleapis.com/auth/cloudplatformprojects.readonly","https://www.googleapis.com/auth/firebase","https://www.googleapis.com/auth/cloud-platform"]
[debug] [2021-03-05T16:49:14.344Z] > authorizing via signed-in user
[info] 
     ######## #### ########  ######## ########     ###     ######  ########
     ##        ##  ##     ## ##       ##     ##  ##   ##  ##       ##
     ######    ##  ########  ######   ########  #########  ######  ######
     ##        ##  ##    ##  ##       ##     ## ##     ##       ## ##
     ##       #### ##     ## ######## ########  ##     ##  ######  ########

You're about to initialize a Firebase project in this directory:

  C:\Users\Amel\Desktop\cryptotest\CryptoTest

[info] 
=== Project Setup
[info] 
[info] First, let's associate this project directory with a Firebase project.
[info] You can create multiple project aliases by running firebase use --add, 
[info] but for now we'll just set up a default project.
[info] 
[debug] [2021-03-05T16:49:27.208Z] >>> [apiv2][query] GET https://firebase.googleapis.com/v1beta1/projects pageSize=100
[debug] [2021-03-05T16:49:27.550Z] <<< [apiv2][status] GET https://firebase.googleapis.com/v1beta1/projects 200
[debug] [2021-03-05T16:49:27.550Z] <<< [apiv2][body] GET https://firebase.googleapis.com/v1beta1/projects [omitted]
